2020-03-18 02:35:28.872 [main] INFO  o.s.c.a.AnnotationConfigApplicationContext - Refreshing org.springframework.context.annotation.AnnotationConfigApplicationContext@1b7c473a: startup date [Wed Mar 18 02:35:28 UTC 2020]; root of context hierarchy
2020-03-18 02:35:29.187 [main] INFO  o.s.b.f.a.AutowiredAnnotationBeanPostProcessor - JSR-330 'javax.inject.Inject' annotation found and supported for autowiring
2020-03-18 02:35:29.266 [main] INFO  o.s.c.s.PostProcessorRegistrationDelegate$BeanPostProcessorChecker - Bean 'configurationPropertiesRebinderAutoConfiguration' of type [org.springframework.cloud.autoconfigure.ConfigurationPropertiesRebinderAutoConfiguration$$EnhancerBySpringCGLIB$$2b374eaf] is not eligible for getting processed by all BeanPostProcessors (for example: not eligible for auto-proxying)
2020-03-18 02:35:30.914 [main] INFO  com.sgc.servicehi.ServiceHiApplication - No active profile set, falling back to default profiles: default
2020-03-18 02:35:30.939 [main] INFO  o.s.b.w.s.c.AnnotationConfigServletWebServerApplicationContext - Refreshing org.springframework.boot.web.servlet.context.AnnotationConfigServletWebServerApplicationContext@2fa3be26: startup date [Wed Mar 18 02:35:30 UTC 2020]; parent: org.springframework.context.annotation.AnnotationConfigApplicationContext@1b7c473a
2020-03-18 02:35:32.378 [main] INFO  o.springframework.cloud.context.scope.GenericScope - BeanFactory id=8cc07631-3d2c-3d3c-a65a-02fed7d8a61a
2020-03-18 02:35:32.413 [main] INFO  o.s.b.f.a.AutowiredAnnotationBeanPostProcessor - JSR-330 'javax.inject.Inject' annotation found and supported for autowiring
2020-03-18 02:35:32.695 [main] INFO  o.s.c.s.PostProcessorRegistrationDelegate$BeanPostProcessorChecker - Bean 'org.springframework.transaction.annotation.ProxyTransactionManagementConfiguration' of type [org.springframework.transaction.annotation.ProxyTransactionManagementConfiguration$$EnhancerBySpringCGLIB$$f1d4bb2] is not eligible for getting processed by all BeanPostProcessors (for example: not eligible for auto-proxying)
2020-03-18 02:35:33.042 [main] INFO  o.s.c.s.PostProcessorRegistrationDelegate$BeanPostProcessorChecker - Bean 'org.springframework.cloud.autoconfigure.ConfigurationPropertiesRebinderAutoConfiguration' of type [org.springframework.cloud.autoconfigure.ConfigurationPropertiesRebinderAutoConfiguration$$EnhancerBySpringCGLIB$$2b374eaf] is not eligible for getting processed by all BeanPostProcessors (for example: not eligible for auto-proxying)
2020-03-18 02:35:34.644 [main] INFO  o.s.boot.web.embedded.tomcat.TomcatWebServer - Tomcat initialized with port(s): 8082 (http)
2020-03-18 02:35:34.667 [main] INFO  org.apache.coyote.http11.Http11NioProtocol - Initializing ProtocolHandler ["http-nio-8082"]
2020-03-18 02:35:34.688 [main] INFO  org.apache.catalina.core.StandardService - Starting service [Tomcat]
2020-03-18 02:35:34.688 [main] INFO  org.apache.catalina.core.StandardEngine - Starting Servlet Engine: Apache Tomcat/8.5.34
2020-03-18 02:35:34.711 [localhost-startStop-1] INFO  org.apache.catalina.core.AprLifecycleListener - Loaded APR based Apache Tomcat Native library [1.2.21] using APR version [1.6.5].
2020-03-18 02:35:34.714 [localhost-startStop-1] INFO  org.apache.catalina.core.AprLifecycleListener - APR capabilities: IPv6 [true], sendfile [true], accept filters [false], random [true].
2020-03-18 02:35:34.714 [localhost-startStop-1] INFO  org.apache.catalina.core.AprLifecycleListener - APR/OpenSSL configuration: useAprConnector [false], useOpenSSL [true]
2020-03-18 02:35:35.804 [localhost-startStop-1] INFO  org.apache.catalina.core.AprLifecycleListener - OpenSSL successfully initialized [OpenSSL 1.0.2q  20 Nov 2018]
2020-03-18 02:35:36.119 [localhost-startStop-1] INFO  o.a.c.core.ContainerBase.[Tomcat].[localhost].[/] - Initializing Spring embedded WebApplicationContext
2020-03-18 02:35:36.120 [localhost-startStop-1] INFO  org.springframework.web.context.ContextLoader - Root WebApplicationContext: initialization completed in 5180 ms
2020-03-18 02:35:36.273 [localhost-startStop-1] INFO  o.s.boot.web.servlet.ServletRegistrationBean - Servlet dispatcherServlet mapped to [/]
2020-03-18 02:35:36.281 [localhost-startStop-1] INFO  o.s.boot.web.servlet.FilterRegistrationBean - Mapping filter: 'characterEncodingFilter' to: [/*]
2020-03-18 02:35:36.283 [localhost-startStop-1] INFO  o.s.boot.web.servlet.FilterRegistrationBean - Mapping filter: 'hiddenHttpMethodFilter' to: [/*]
2020-03-18 02:35:36.284 [localhost-startStop-1] INFO  o.s.boot.web.servlet.FilterRegistrationBean - Mapping filter: 'httpPutFormContentFilter' to: [/*]
2020-03-18 02:35:36.284 [localhost-startStop-1] INFO  o.s.boot.web.servlet.FilterRegistrationBean - Mapping filter: 'requestContextFilter' to: [/*]
2020-03-18 02:35:36.470 [main] INFO  com.sgc.common.config.DatabaseConfig - url:jdbc:sqlserver://aosmith-iot-test.database.chinacloudapi.cn:1433;database=iot-sql-srv-east2-test;user=aos_admin_test@aosmith-iot-test
2020-03-18 02:35:36.471 [main] INFO  com.sgc.common.config.DatabaseConfig - username:aos_admin_test
2020-03-18 02:35:37.069 [main] INFO  com.netflix.config.sources.URLConfigurationSource - To enable URLs as dynamic configuration sources, define System property archaius.configurationSource.additionalUrls or make config.properties available on classpath.
2020-03-18 02:35:37.081 [main] INFO  com.netflix.config.sources.URLConfigurationSource - To enable URLs as dynamic configuration sources, define System property archaius.configurationSource.additionalUrls or make config.properties available on classpath.
2020-03-18 02:35:37.318 [main] INFO  o.s.web.servlet.handler.SimpleUrlHandlerMapping - Mapped URL path [/**/favicon.ico] onto handler of type [class org.springframework.web.servlet.resource.ResourceHttpRequestHandler]
2020-03-18 02:35:38.219 [main] INFO  o.s.w.s.m.m.a.RequestMappingHandlerAdapter - Looking for @ControllerAdvice: org.springframework.boot.web.servlet.context.AnnotationConfigServletWebServerApplicationContext@2fa3be26: startup date [Wed Mar 18 02:35:30 UTC 2020]; parent: org.springframework.context.annotation.AnnotationConfigApplicationContext@1b7c473a
2020-03-18 02:35:38.371 [main] INFO  o.s.w.s.m.m.a.RequestMappingHandlerMapping - Mapped "{[/demo/hi],methods=[POST]}" onto public com.sgc.common.entity.ResultBean<com.sgc.servicehi.vo.PostVo> com.sgc.servicehi.controller.DemoController.home(com.sgc.servicehi.dto.PostDto)
2020-03-18 02:35:38.373 [main] INFO  o.s.w.s.m.m.a.RequestMappingHandlerMapping - Mapped "{[/demo/ha]}" onto public java.lang.String com.sgc.servicehi.controller.DemoController.hame(java.lang.String)
2020-03-18 02:35:38.374 [main] INFO  o.s.w.s.m.m.a.RequestMappingHandlerMapping - Mapped "{[/demo/getData],methods=[GET]}" onto public com.sgc.common.entity.ResultBean<com.sgc.servicehi.entity.GetEntity> com.sgc.servicehi.controller.DemoController.getEntity(com.sgc.servicehi.entity.GetEntity)
2020-03-18 02:35:38.377 [main] INFO  o.s.w.s.m.m.a.RequestMappingHandlerMapping - Mapped "{[/error]}" onto public org.springframework.http.ResponseEntity<java.util.Map<java.lang.String, java.lang.Object>> org.springframework.boot.autoconfigure.web.servlet.error.BasicErrorController.error(javax.servlet.http.HttpServletRequest)
2020-03-18 02:35:38.378 [main] INFO  o.s.w.s.m.m.a.RequestMappingHandlerMapping - Mapped "{[/error],produces=[text/html]}" onto public org.springframework.web.servlet.ModelAndView org.springframework.boot.autoconfigure.web.servlet.error.BasicErrorController.errorHtml(javax.servlet.http.HttpServletRequest,javax.servlet.http.HttpServletResponse)
2020-03-18 02:35:38.479 [main] INFO  o.s.web.servlet.handler.SimpleUrlHandlerMapping - Mapped URL path [/webjars/**] onto handler of type [class org.springframework.web.servlet.resource.ResourceHttpRequestHandler]
2020-03-18 02:35:38.480 [main] INFO  o.s.web.servlet.handler.SimpleUrlHandlerMapping - Mapped URL path [/**] onto handler of type [class org.springframework.web.servlet.resource.ResourceHttpRequestHandler]
2020-03-18 02:35:40.813 [main] INFO  org.springframework.cloud.commons.util.InetUtils - Cannot determine local hostname
2020-03-18 02:35:42.164 [main] INFO  org.springframework.cloud.commons.util.InetUtils - Cannot determine local hostname
2020-03-18 02:35:42.473 [main] INFO  o.s.jmx.export.annotation.AnnotationMBeanExporter - Registering beans for JMX exposure on startup
2020-03-18 02:35:42.475 [main] INFO  o.s.jmx.export.annotation.AnnotationMBeanExporter - Bean with name 'getDataSource' has been autodetected for JMX exposure
2020-03-18 02:35:42.488 [main] INFO  o.s.jmx.export.annotation.AnnotationMBeanExporter - Bean with name 'refreshScope' has been autodetected for JMX exposure
2020-03-18 02:35:42.490 [main] INFO  o.s.jmx.export.annotation.AnnotationMBeanExporter - Bean with name 'configurationPropertiesRebinder' has been autodetected for JMX exposure
2020-03-18 02:35:42.492 [main] INFO  o.s.jmx.export.annotation.AnnotationMBeanExporter - Bean with name 'environmentManager' has been autodetected for JMX exposure
2020-03-18 02:35:42.502 [main] INFO  o.s.jmx.export.annotation.AnnotationMBeanExporter - Located managed bean 'environmentManager': registering with JMX server as MBean [org.springframework.cloud.context.environment:name=environmentManager,type=EnvironmentManager]
2020-03-18 02:35:42.523 [main] INFO  o.s.jmx.export.annotation.AnnotationMBeanExporter - Located MBean 'getDataSource': registering with JMX server as MBean [com.alibaba.druid.pool:name=getDataSource,type=DruidDataSource]
2020-03-18 02:35:42.529 [main] INFO  o.s.jmx.export.annotation.AnnotationMBeanExporter - Located managed bean 'refreshScope': registering with JMX server as MBean [org.springframework.cloud.context.scope.refresh:name=refreshScope,type=RefreshScope]
2020-03-18 02:35:42.554 [main] INFO  o.s.jmx.export.annotation.AnnotationMBeanExporter - Located managed bean 'configurationPropertiesRebinder': registering with JMX server as MBean [org.springframework.cloud.context.properties:name=configurationPropertiesRebinder,context=2fa3be26,type=ConfigurationPropertiesRebinder]
2020-03-18 02:35:42.575 [main] INFO  o.s.context.support.DefaultLifecycleProcessor - Starting beans in phase 0
2020-03-18 02:35:42.610 [main] INFO  o.s.cloud.netflix.eureka.InstanceInfoFactory - Setting initial instance status as: STARTING
2020-03-18 02:35:42.680 [main] INFO  com.netflix.discovery.DiscoveryClient - Initializing Eureka in region us-east-1
2020-03-18 02:35:42.683 [main] INFO  com.netflix.discovery.DiscoveryClient - Client configured to neither register nor query for data.
2020-03-18 02:35:42.705 [main] INFO  com.netflix.discovery.DiscoveryClient - Discovery Client initialized at timestamp 1584498942702 with initial instances count: 0
2020-03-18 02:35:42.723 [main] INFO  o.s.c.n.e.serviceregistry.EurekaServiceRegistry - Registering application SERVICE-HI with eureka with status UP
2020-03-18 02:35:42.741 [main] INFO  org.apache.coyote.http11.Http11NioProtocol - Starting ProtocolHandler ["http-nio-8082"]
2020-03-18 02:35:42.767 [main] INFO  org.apache.tomcat.util.net.NioSelectorPool - Using a shared selector for servlet write/read
2020-03-18 02:35:42.800 [main] INFO  o.s.boot.web.embedded.tomcat.TomcatWebServer - Tomcat started on port(s): 8082 (http) with context path ''
2020-03-18 02:35:42.803 [main] INFO  o.s.c.n.e.s.EurekaAutoServiceRegistration - Updating port to 8082
2020-03-18 02:35:42.808 [main] INFO  com.sgc.servicehi.ServiceHiApplication - Started ServiceHiApplication in 16.026 seconds (JVM running for 17.279)
2020-03-18 02:36:26.315 [http-nio-8082-exec-10] INFO  o.a.c.core.ContainerBase.[Tomcat].[localhost].[/] - Initializing Spring FrameworkServlet 'dispatcherServlet'
2020-03-18 02:36:26.315 [http-nio-8082-exec-10] INFO  org.springframework.web.servlet.DispatcherServlet - FrameworkServlet 'dispatcherServlet': initialization started
2020-03-18 02:36:26.384 [http-nio-8082-exec-10] INFO  org.springframework.web.servlet.DispatcherServlet - FrameworkServlet 'dispatcherServlet': initialization completed in 69 ms
2020-03-18 02:36:42.275 [http-nio-8082-exec-4] INFO  com.alibaba.druid.pool.DruidDataSource - {dataSource-1} inited
